Base path: D:/unity/Editor/Data
Pipe name: \\.\pipe\UnityShaderCompiler-64bit-1-13372
Cmd: getPlatforms
Cmd: preprocess
  insize=5231 outsize=2186 ok=1
Cmd: compileSnippet
  api=4 type=0 insize=3349 outsize=1973 kw=WATER_REFRACTIVE pd= ok=1
Cmd: compileSnippet
  api=4 type=1 insize=3349 outsize=2891 kw=WATER_REFRACTIVE pd= ok=1
Cmd: preprocess
  insize=12994 outsize=2701 ok=1
Cmd: compileSnippet
  api=4 type=0 insize=10201 outsize=5393 kw=WATER_REFLECTIVE WATER_VERTEX_DISPLACEMENT_ON WATER_EDGEBLEND_ON pd= ok=1
Cmd: compileSnippet
  api=4 type=1 insize=10201 outsize=5913 kw=WATER_REFLECTIVE WATER_VERTEX_DISPLACEMENT_ON WATER_EDGEBLEND_ON pd= ok=1
Cmd: compileSnippet
  api=4 type=0 insize=10204 outsize=5003 kw=WATER_REFLECTIVE WATER_VERTEX_DISPLACEMENT_ON WATER_EDGEBLEND_ON pd= ok=1
Cmd: compileSnippet
  api=4 type=1 insize=10204 outsize=4499 kw=WATER_REFLECTIVE WATER_VERTEX_DISPLACEMENT_ON WATER_EDGEBLEND_ON pd= ok=1
Cmd: compileSnippet
  api=4 type=0 insize=9946 outsize=1989 kw= pd= ok=1
Cmd: compileSnippet
  api=4 type=1 insize=9946 outsize=3086 kw= pd= ok=1
Cmd: preprocess
  insize=12161 outsize=2583 ok=1
Cmd: compileSnippet
  api=4 type=0 insize=9487 outsize=5044 kw=WATER_REFLECTIVE WATER_VERTEX_DISPLACEMENT_ON WATER_EDGEBLEND_ON pd= ok=1
Cmd: compileSnippet
  api=4 type=1 insize=9487 outsize=5019 kw=WATER_REFLECTIVE WATER_VERTEX_DISPLACEMENT_ON WATER_EDGEBLEND_ON pd= ok=1
Cmd: compileSnippet
  api=4 type=0 insize=9490 outsize=4751 kw=WATER_REFLECTIVE WATER_VERTEX_DISPLACEMENT_ON WATER_EDGEBLEND_ON pd= ok=1
Cmd: compileSnippet
  api=4 type=1 insize=9490 outsize=4231 kw=WATER_REFLECTIVE WATER_VERTEX_DISPLACEMENT_ON WATER_EDGEBLEND_ON pd= ok=1
Cmd: compileSnippet
  api=4 type=0 insize=9232 outsize=1948 kw= pd= ok=1
Cmd: compileSnippet
  api=4 type=1 insize=9232 outsize=3086 kw= pd= ok=1
Cmd: preprocess
  insize=3056 outsize=1760 ok=1
Cmd: compileSnippet
  api=4 type=0 insize=1602 outsize=1891 kw= pd= ok=1
Cmd: compileSnippet
  api=4 type=1 insize=1602 outsize=2086 kw= pd= ok=1
Cmd: preprocess
  insize=726 outsize=1695 ok=1
Cmd: compileSnippet
  api=4 type=0 insize=7104 outsize=3736 kw=DIRECTIONAL SHADOWS_OFF LIGHTMAP_OFF DIRLIGHTMAP_OFF DYNAMICLIGHTMAP_OFF pd= ok=1
Cmd: compileSnippet
  api=4 type=1 insize=7104 outsize=1493 kw=DIRECTIONAL SHADOWS_OFF LIGHTMAP_OFF DIRLIGHTMAP_OFF DYNAMICLIGHTMAP_OFF pd= ok=1
Cmd: compileSnippet
  api=4 type=0 insize=3862 outsize=2826 kw=POINT pd= ok=1
Cmd: compileSnippet
  api=4 type=1 insize=3862 outsize=2127 kw=POINT pd= ok=1
Cmd: compileSnippet
  api=4 type=0 insize=3277 outsize=2826 kw= pd= ok=1
Cmd: compileSnippet
  api=4 type=1 insize=3277 outsize=1128 kw= pd= ok=1
Cmd: compileSnippet
  api=4 type=0 insize=6143 outsize=4150 kw=LIGHTMAP_OFF DIRLIGHTMAP_OFF DYNAMICLIGHTMAP_OFF HDR_LIGHT_PREPASS_OFF pd= ok=1
Cmd: compileSnippet
  api=4 type=1 insize=6143 outsize=1542 kw=LIGHTMAP_OFF DIRLIGHTMAP_OFF DYNAMICLIGHTMAP_OFF HDR_LIGHT_PREPASS_OFF pd= ok=1
Cmd: compileSnippet
  api=4 type=0 insize=6010 outsize=3874 kw=LIGHTMAP_OFF DIRLIGHTMAP_OFF DYNAMICLIGHTMAP_OFF HDR_LIGHT_PREPASS_OFF pd= ok=1
Cmd: compileSnippet
  api=4 type=1 insize=6010 outsize=1826 kw=LIGHTMAP_OFF DIRLIGHTMAP_OFF DYNAMICLIGHTMAP_OFF HDR_LIGHT_PREPASS_OFF pd= ok=1
Cmd: compileSnippet
  api=4 type=0 insize=3300 outsize=2484 kw= pd= ok=1
Cmd: compileSnippet
  api=4 type=1 insize=3300 outsize=1493 kw= pd= ok=1
Cmd: preprocess
  insize=359 outsize=359 ok=1
Cmd: compileSnippet
  api=4 type=0 insize=1333 outsize=1404 kw= pd= ok=1
Cmd: compileSnippet
  api=4 type=1 insize=1333 outsize=1168 kw= pd= ok=1
Cmd: compileSnippet
  api=4 type=0 insize=1329 outsize=1404 kw= pd= ok=1
Cmd: compileSnippet
  api=4 type=1 insize=1329 outsize=1168 kw= pd= ok=1
Cmd: compileSnippet
  api=4 type=0 insize=1329 outsize=1404 kw= pd= ok=1
Cmd: compileSnippet
  api=4 type=1 insize=1329 outsize=1168 kw= pd= ok=1
Cmd: compileSnippet
  api=4 type=0 insize=1333 outsize=1404 kw= pd= ok=1
Cmd: compileSnippet
  api=4 type=1 insize=1333 outsize=1168 kw= pd= ok=1
Cmd: compileSnippet
  api=4 type=0 insize=1321 outsize=1404 kw= pd= ok=1
Cmd: compileSnippet
  api=4 type=1 insize=1321 outsize=1168 kw= pd= ok=1
Cmd: compileSnippet
  api=4 type=0 insize=1331 outsize=1404 kw= pd= ok=1
Cmd: compileSnippet
  api=4 type=1 insize=1331 outsize=1168 kw= pd= ok=1
Cmd: compileSnippet
  api=4 type=0 insize=541 outsize=3533 kw=SHADOWS_DEPTH pd= ok=1
Cmd: compileSnippet
  api=4 type=1 insize=541 outsize=453 kw=SHADOWS_DEPTH pd= ok=1
Cmd: compileSnippet
  api=4 type=0 insize=6924 outsize=3663 kw=DIRECTIONAL SHADOWS_OFF LIGHTMAP_OFF DIRLIGHTMAP_OFF DYNAMICLIGHTMAP_OFF pd= ok=1
Cmd: compileSnippet
  api=4 type=1 insize=6924 outsize=1314 kw=DIRECTIONAL SHADOWS_OFF LIGHTMAP_OFF DIRLIGHTMAP_OFF DYNAMICLIGHTMAP_OFF pd= ok=1
Cmd: compileSnippet
  api=4 type=0 insize=3695 outsize=2753 kw=DIRECTIONAL pd= ok=1
Cmd: compileSnippet
  api=4 type=1 insize=3695 outsize=1168 kw=DIRECTIONAL pd= ok=1
Cmd: compileSnippet
  api=4 type=0 insize=1004 outsize=4629 kw=SHADOWS_DEPTH pd= ok=1
Cmd: compileSnippet
  api=4 type=1 insize=1004 outsize=884 kw=SHADOWS_DEPTH pd= ok=1
Cmd: compileSnippet
  api=4 type=0 insize=631 outsize=4264 kw= pd= ok=1
Cmd: compileSnippet
  api=4 type=1 insize=631 outsize=989 kw= pd= ok=1
Cmd: compileSnippet
  api=4 type=0 insize=797 outsize=3776 kw=SHADOWS_DEPTH pd= ok=1
Cmd: compileSnippet
  api=4 type=1 insize=797 outsize=908 kw=SHADOWS_DEPTH pd= ok=1
Cmd: compileSnippet
  api=4 type=0 insize=3862 outsize=2826 kw=DIRECTIONAL pd= ok=1
Cmd: compileSnippet
  api=4 type=1 insize=3862 outsize=1347 kw=DIRECTIONAL pd= ok=1
Cmd: compileSnippet
  api=4 type=0 insize=6976 outsize=3663 kw=DIRECTIONAL SHADOWS_OFF LIGHTMAP_OFF DIRLIGHTMAP_OFF DYNAMICLIGHTMAP_OFF pd= ok=1
Cmd: compileSnippet
  api=4 type=1 insize=6976 outsize=1493 kw=DIRECTIONAL SHADOWS_OFF LIGHTMAP_OFF DIRLIGHTMAP_OFF DYNAMICLIGHTMAP_OFF pd= ok=1
Cmd: compileSnippet
  api=4 type=0 insize=3734 outsize=2753 kw=DIRECTIONAL pd= ok=1
Cmd: compileSnippet
  api=4 type=1 insize=3734 outsize=1347 kw=DIRECTIONAL pd= ok=1
Cmd: compileSnippet
  api=4 type=0 insize=2088 outsize=8984 kw=DIRECTIONAL SHADOWS_OFF LIGHTMAP_OFF DIRLIGHTMAP_OFF DYNAMICLIGHTMAP_OFF pd= ok=1
Cmd: compileSnippet
  api=4 type=1 insize=2088 outsize=998 kw=DIRECTIONAL SHADOWS_OFF LIGHTMAP_OFF DIRLIGHTMAP_OFF DYNAMICLIGHTMAP_OFF pd= ok=1
Cmd: compileSnippet
  api=4 type=0 insize=7666 outsize=4784 kw=DIRECTIONAL SHADOWS_OFF LIGHTMAP_OFF DIRLIGHTMAP_OFF DYNAMICLIGHTMAP_OFF pd= ok=1
Cmd: compileSnippet
  api=4 type=1 insize=7666 outsize=3476 kw=DIRECTIONAL SHADOWS_OFF LIGHTMAP_OFF DIRLIGHTMAP_OFF DYNAMICLIGHTMAP_OFF pd= ok=1
Cmd: compileSnippet
  api=4 type=0 insize=5061 outsize=4020 kw=DIRECTIONAL pd= ok=1
Cmd: compileSnippet
  api=4 type=1 insize=5061 outsize=2907 kw=DIRECTIONAL pd= ok=1
Cmd: compileSnippet
  api=4 type=0 insize=794 outsize=4402 kw=SHADOWS_DEPTH pd= ok=1
Cmd: compileSnippet
  api=4 type=1 insize=794 outsize=453 kw=SHADOWS_DEPTH pd= ok=1
Cmd: compileSnippet
  api=4 type=0 insize=619 outsize=4231 kw= pd= ok=1
Cmd: compileSnippet
  api=4 type=1 insize=619 outsize=803 kw= pd= ok=1
Cmd: compileSnippet
  api=4 type=0 insize=751 outsize=3533 kw=SHADOWS_DEPTH pd= ok=1
Cmd: compileSnippet
  api=4 type=1 insize=751 outsize=380 kw=SHADOWS_DEPTH pd= ok=1
Cmd: compileSnippet
  api=4 type=0 insize=982 outsize=3979 kw=DIRECTIONAL SHADOWS_OFF LIGHTMAP_OFF DIRLIGHTMAP_OFF DYNAMICLIGHTMAP_OFF pd= ok=1
Cmd: compileSnippet
  api=4 type=1 insize=982 outsize=10618 kw=DIRECTIONAL SHADOWS_OFF LIGHTMAP_OFF DIRLIGHTMAP_OFF DYNAMICLIGHTMAP_OFF pd= ok=1
Cmd: compileSnippet
  api=4 type=0 insize=938 outsize=4101 kw=DIRECTIONAL SHADOWS_OFF pd= ok=1
Cmd: compileSnippet
  api=4 type=1 insize=938 outsize=5515 kw=DIRECTIONAL SHADOWS_OFF pd= ok=1
Cmd: compileSnippet
  api=4 type=0 insize=13030 outsize=11024 kw=UNITY_COLORSPACE_GAMMA _SUNDISK_SIMPLE pd= ok=1
Cmd: compileSnippet
  api=4 type=1 insize=13030 outsize=1899 kw=UNITY_COLORSPACE_GAMMA _SUNDISK_SIMPLE pd= ok=1
Cmd: compileSnippet
  api=4 type=0 insize=3589 outsize=7034 kw=SHADOWS_DEPTH pd= ok=1
Cmd: compileSnippet
  api=4 type=1 insize=3589 outsize=1030 kw=SHADOWS_DEPTH pd= ok=1
Cmd: compileSnippet
  api=4 type=0 insize=3198 outsize=6661 kw=SHADOWS_DEPTH pd= ok=1
Cmd: compileSnippet
  api=4 type=1 insize=3198 outsize=1030 kw=SHADOWS_DEPTH pd= ok=1
Cmd: compileSnippet
  api=4 type=0 insize=607 outsize=3646 kw= pd= ok=1
Cmd: compileSnippet
  api=4 type=1 insize=607 outsize=803 kw= pd= ok=1
Cmd: compileSnippet
  api=4 type=0 insize=613 outsize=4044 kw= pd= ok=1
Cmd: compileSnippet
  api=4 type=1 insize=613 outsize=989 kw= pd= ok=1
Cmd: compileSnippet
  api=4 type=0 insize=64711 outsize=4012 kw=DIRECTIONAL SHADOWS_OFF LIGHTMAP_OFF DIRLIGHTMAP_OFF DYNAMICLIGHTMAP_OFF pd= ok=1
Cmd: compileSnippet
  api=4 type=1 insize=64711 outsize=2826 kw=DIRECTIONAL SHADOWS_OFF LIGHTMAP_OFF DIRLIGHTMAP_OFF DYNAMICLIGHTMAP_OFF pd= ok=1
